[17:42:45] [ServerMain/INFO]: Environment: Environment[sessionHost=https://sessionserver.mojang.com, servicesHost=https://api.minecraftservices.com, name=PROD]
[17:42:46] [ServerMain/INFO]: Found new data pack file/bukkit, loading it automatically
[17:42:47] [ServerMain/INFO]: No existing world data, creating new world
[17:42:48] [ServerMain/INFO]: Loaded 1174 recipes
[17:42:48] [ServerMain/INFO]: Loaded 1271 advancements
[17:42:48] [Server thread/INFO]: Starting minecraft server version 1.20.4
[17:42:48] [Server thread/INFO]: Loading properties
[17:42:48] [Server thread/INFO]: This server is running Paper version git-Paper-497 (MC: 1.20.4) (Implementing API version 1.20.4-R0.1-SNAPSHOT) (Git: d8d54d9 on ver/1.20.4)
[17:42:49] [Server thread/INFO]: Server Ping Player Sample Count: 12
[17:42:49] [Server thread/INFO]: Using 4 threads for Netty based IO
[17:42:50] [Server thread/INFO]: [ChunkTaskScheduler] Chunk system is using 1 I/O threads, 1 worker threads, and gen parallelism of 1 threads
[17:42:50] [Server thread/WARN]: [!] The timings profiler has been enabled but has been scheduled for removal from Paper in the future.
    We recommend installing the spark profiler as a replacement: https://spark.lucko.me/
    For more information please visit: https://github.com/PaperMC/Paper/issues/8948
[17:42:50] [Server thread/INFO]: Default game type: SURVIVAL
[17:42:50] [Server thread/INFO]: Generating keypair
[17:42:50] [Server thread/INFO]: Starting Minecraft server on *:25565
[17:42:50] [Server thread/INFO]: Using epoll channel type
[17:42:50] [Server thread/INFO]: Paper: Using libdeflate (Linux x86_64) compression from Velocity.
[17:42:50] [Server thread/INFO]: Paper: Using OpenSSL 1.1.x (Linux x86_64) cipher from Velocity.
[17:42:50] [Server thread/WARN]: **** SERVER IS RUNNING IN OFFLINE/INSECURE MODE!
[17:42:50] [Server thread/WARN]: The server will make no attempt to authenticate usernames. Beware.
[17:42:50] [Server thread/WARN]: While this makes the game possible to play without internet access, it also opens up the ability for hackers to connect with any username they choose.
[17:42:50] [Server thread/WARN]: To change this, set "online-mode" to "true" in the server.properties file.
[17:42:50] [Server thread/INFO]: Preparing level "world"
[17:42:59] [Server thread/INFO]: Preparing start region for dimension minecraft:overworld
[17:43:00] [Server thread/INFO]: Time elapsed: 143 ms
[17:43:00] [Server thread/INFO]: Preparing start region for dimension minecraft:the_nether
[17:43:00] [Server thread/INFO]: Time elapsed: 72 ms
[17:43:00] [Server thread/INFO]: Preparing start region for dimension minecraft:the_end
[17:43:00] [Server thread/INFO]: Time elapsed: 62 ms
[17:43:00] [Server thread/INFO]: Running delayed init tasks
[17:43:00] [Server thread/INFO]: Done (11.309s)! For help, type "help"
[17:43:00] [Server thread/INFO]: *************************************************************************************
[17:43:00] [Server thread/INFO]: This is the first time you're starting this server.
[17:43:00] [Server thread/INFO]: It's recommended you read our 'Getting Started' documentation for guidance.
[17:43:00] [Server thread/INFO]: View this and more helpful information here: https://docs.papermc.io/paper/next-steps
[17:43:00] [Server thread/INFO]: *************************************************************************************
[17:43:00] [Server thread/INFO]: Timings Reset
[17:44:51] [Server thread/INFO]: Unknown command. Type "/help" for help.
[17:57:07] [Server thread/INFO]: Stopping server
[17:57:07] [Server thread/INFO]: Saving players
[17:57:07] [Server thread/INFO]: Saving worlds
[17:57:07] [Server thread/INFO]: Saving chunks for level 'ServerLevel[world]'/minecraft:overworld
[17:57:07] [Server thread/INFO]: [ChunkHolderManager] Waiting 60s for chunk system to halt for world 'world'
[17:57:07] [Server thread/INFO]: [ChunkHolderManager] Halted chunk system for world 'world'
[17:57:07] [Server thread/INFO]: [ChunkHolderManager] Saving all chunkholders for world 'world'
[17:57:08] [Server thread/INFO]: [ChunkHolderManager] Saved 1522 block chunks, 61 entity chunks, 1 poi chunks in world 'world' in 0.68s
[17:57:08] [Server thread/INFO]: ThreadedAnvilChunkStorage (world): All chunks are saved
[17:57:08] [Server thread/INFO]: Saving chunks for level 'ServerLevel[world_nether]'/minecraft:the_nether
[17:57:08] [Server thread/INFO]: [ChunkHolderManager] Waiting 60s for chunk system to halt for world 'world_nether'
[17:57:08] [Server thread/INFO]: [ChunkHolderManager] Halted chunk system for world 'world_nether'
[17:57:08] [Server thread/INFO]: [ChunkHolderManager] Saving all chunkholders for world 'world_nether'
[17:57:08] [Server thread/INFO]: [ChunkHolderManager] Saved 1498 block chunks, 20 entity chunks, 0 poi chunks in world 'world_nether' in 0.48s
[17:57:08] [Server thread/INFO]: ThreadedAnvilChunkStorage (DIM-1): All chunks are saved
[17:57:08] [Server thread/INFO]: Saving chunks for level 'ServerLevel[world_the_end]'/minecraft:the_end
[17:57:08] [Server thread/INFO]: [ChunkHolderManager] Waiting 60s for chunk system to halt for world 'world_the_end'
[17:57:08] [Server thread/INFO]: [ChunkHolderManager] Halted chunk system for world 'world_the_end'
[17:57:08] [Server thread/INFO]: [ChunkHolderManager] Saving all chunkholders for world 'world_the_end'
[17:57:09] [Server thread/INFO]: [ChunkHolderManager] Saved 1496 block chunks, 10 entity chunks, 0 poi chunks in world 'world_the_end' in 0.35s
[17:57:09] [Server thread/INFO]: ThreadedAnvilChunkStorage (DIM1): All chunks are saved
[17:57:09] [Server thread/INFO]: ThreadedAnvilChunkStorage: All dimensions are saved
[17:57:09] [Server thread/INFO]: Flushing Chunk IO
[17:57:09] [Server thread/INFO]: Closing Thread Pool
[17:57:09] [Server thread/INFO]: Closing Server
